[14:28:59] [main/INFO] [JMLogger] JourneyMap log initialized.
[14:28:59] [main/INFO] [JourneymapClient] initialize ENTER
[14:28:59] [Client thread/INFO] [?] Version: JourneyMap 1.12.2-5.5.3, built with Forge 14.23.5.2768
Forge: 14.23.5.2768
Environment: os.name, os.arch, java.version, user.country, user.language=null, game language=bs_ba, locale=bs_ba
Features: 
	RadarPlayers : singleplayer = true , multiplayer = true
	RadarAnimals : singleplayer = true , multiplayer = true
	RadarMobs : singleplayer = true , multiplayer = true
	RadarVillagers : singleplayer = true , multiplayer = true
	MapTopo : singleplayer = true , multiplayer = true
	MapSurface : singleplayer = true , multiplayer = true
	MapCaves : singleplayer = true , multiplayer = true
MiniMapProperties{state=Valid, file=journeymap.minimap.config, configVersion=5.5.3, zoomLevel=0, showPlayers=true, frameAlpha=100, compassFontScale=1, terrainAlpha=100, showEntityNames=true, enabled=true, showPlayerHeading=true, showVillagers=true, info2Label=Game Time, sizePercent=30, showDayNight=true, info3Label=Location, showMobs=true, showPets=true, preferredMapType=night, showCompass=true, mobDisplay=Small Dots, showReticle=true, orientation=North, shape=Circle, showSelf=true, info4Label=Biome, locationFormat=xzyv, playerDisplay=Small Dots, showGrid=true, reticleOrientation=Compass, showWaypoints=true, showCaves=true, showAnimals=true, showMobHeading=true, showWaypointLabels=true, locationFormatVerbose=true, position=Top Right, info1Label=Blank, fontScale=1}
MiniMapProperties{state=Valid, file=journeymap.minimap2.config, configVersion=5.5.3, zoomLevel=0, showPlayers=true, frameAlpha=100, compassFontScale=1, terrainAlpha=100, showEntityNames=true, enabled=true, showPlayerHeading=true, showVillagers=true, info2Label=Game Time, sizePercent=30, showDayNight=true, info3Label=Location, showMobs=true, showPets=true, preferredMapType=day, showCompass=true, mobDisplay=Small Dots, showReticle=true, orientation=North, shape=Rectangle, showSelf=true, info4Label=Biome, locationFormat=xzyv, playerDisplay=Small Dots, showGrid=true, reticleOrientation=Compass, showWaypoints=true, showCaves=true, showAnimals=true, showMobHeading=true, showWaypointLabels=true, locationFormatVerbose=true, position=Top Right, info1Label=Blank, fontScale=1}
FullMapProperties{state=Valid, file=journeymap.fullmap.config, configVersion=5.5.3, mobDisplay=Small Dots, zoomLevel=0, showPlayers=true, showSelf=true, locationFormat=xzyv, playerDisplay=Small Dots, showGrid=true, showEntityNames=true, showPlayerHeading=true, showVillagers=true, showWaypoints=true, showCaves=false, showAnimals=true, showMobHeading=true, showKeys=true, showWaypointLabels=true, locationFormatVerbose=true, showMobs=true, showPets=true, fontScale=1, preferredMapType=day}
WaypointProperties{state=Valid, file=journeymap.waypoint.config, configVersion=5.5.3, createDeathpoints=true, showName=true, maxDistance=0, autoHideLabel=true, showStaticBeam=true, minDistance=4, boldLabel=false, textureSmall=true, showDistance=true, showRotatingBeam=true, fontScale=2, showTexture=true, managerEnabled=true, beaconEnabled=true}
WebMapProperties{state=Valid, file=journeymap.webmap.config, configVersion=5.5.3, zoomLevel=0, showWaypoints=true, showCaves=true, showSelf=true, port=8080, showGrid=true, showEntityNames=true, enabled=false, googleMapApiDomain=.com, preferredMapType=day}
CoreProperties{state=Valid, file=journeymap.core.config, configVersion=5.5.3, verboseColorPalette=false, maxPlayersData=32, mapSurfaceAboveCaves=true, optionsManagerViewed=5.5.3, announceMod=true, colorPassive=#bbbbbb, renderOverlayEventTypeName=ALL, mapBlendWater=false, renderDistanceSurfaceMax=7, radarVerticalDistance=16, mapBlendGrass=true, recordCacheStats=false, hideSneakingEntities=true, revealShape=Circle, alwaysMapSurface=false, colorVillager=#88e188, mapPlants=false, colorPet=#0077ff, radarLateralDistance=64, mapBathymetry=false, mapCrops=true, maxMobsData=32, mapPlantShadows=false, alwaysMapCaves=false, checkUpdates=true, browserPoll=2000, mapBlendFoliage=true, mappingEnabled=true, colorPlayer=#ffffff, tileHighDisplayQuality=true, cacheVillagersData=2200, logLevel=INFO, maxVillagersData=32, maxAnimalsData=32, mapTransparency=true, tileRenderType=1, caveIgnoreGlass=true, mapTopography=true, renderDistanceCaveMax=3, mapAntialiasing=true, colorSelf=#0000ff, cachePlayersData=2000, cacheMobsData=3000, cachePlayerData=1000, splashViewed=5.5.3, colorHostile=#ff0000, cacheAnimalsData=3100, themeName=OceanMonument, mapCaveLighting=true, renderDelay=2, renderOverlayPreEvent=true, autoMapPoll=2000}
[14:28:59] [main/INFO] [ClientAPI] [ClientAPI] built with JourneyMap API 1.4
[14:28:59] [main/INFO] [PluginHelper] Initializing plugins with Client API: journeymap.client.api.impl.ClientAPI
[14:28:59] [main/INFO] [JourneymapClient] initialize EXIT, elapsed count 0 avg ?ms
[14:28:59] [main/DEBUG] [JourneymapClient] postInitialize ENTER
[14:28:59] [main/DEBUG] [EventHandlerManager] Handler registered: journeymap.client.forge.event.KeyEventHandler
[14:28:59] [main/DEBUG] [EventHandlerManager] Handler registered: journeymap.client.forge.event.ChatEventHandler
[14:28:59] [main/DEBUG] [EventHandlerManager] Handler registered: journeymap.client.forge.event.StateTickHandler
[14:28:59] [main/DEBUG] [EventHandlerManager] Handler registered: journeymap.client.forge.event.WorldEventHandler
[14:28:59] [main/DEBUG] [EventHandlerManager] Handler registered: journeymap.client.forge.event.WaypointBeaconHandler
[14:28:59] [main/DEBUG] [EventHandlerManager] Handler registered: journeymap.client.forge.event.TextureAtlasHandler
[14:28:59] [main/DEBUG] [EventHandlerManager] Handler registered: journeymap.client.forge.event.MiniMapOverlayHandler
[14:28:59] [main/DEBUG] [EventHandlerManager] Handler registered: journeymap.client.world.ChunkMonitor
[14:29:00] [main/INFO] [IconSetFileHandler] Added entity icons from journeymap:icon/entity. Success: false
[14:29:00] [main/TRACE] [ThemeLoader] Initializing themes ...
[14:29:00] [main/INFO] [ThemeLoader] Preloaded theme textures: 71
[14:29:00] [main/DEBUG] [JourneymapClient] postInitialize EXIT, elapsed§8 count §r1§8 avg §r747.15§8ms§r
[14:29:00] [JM-VersionCheck-1/ERROR] [VersionCheck$1] Could not check version URL
javax.net.ssl.SSLHandshakeException: sun.security.validator.ValidatorException: PKIX path building failed: sun.security.provider.certpath.SunCertPathBuilderException: unable to find valid certification path to requested target
	at sun.security.ssl.Alerts.getSSLException(Alerts.java:192) ~[?:1.8.0_51]
	at sun.security.ssl.SSLSocketImpl.fatal(SSLSocketImpl.java:1949) ~[?:1.8.0_51]
	at sun.security.ssl.Handshaker.fatalSE(Handshaker.java:302) ~[?:1.8.0_51]
	at sun.security.ssl.Handshaker.fatalSE(Handshaker.java:296) ~[?:1.8.0_51]
	at sun.security.ssl.ClientHandshaker.serverCertificate(ClientHandshaker.java:1497) ~[?:1.8.0_51]
	at sun.security.ssl.ClientHandshaker.processMessage(ClientHandshaker.java:212) ~[?:1.8.0_51]
	at sun.security.ssl.Handshaker.processLoop(Handshaker.java:979) ~[?:1.8.0_51]
	at sun.security.ssl.Handshaker.process_record(Handshaker.java:914) ~[?:1.8.0_51]
	at sun.security.ssl.SSLSocketImpl.readRecord(SSLSocketImpl.java:1062) ~[?:1.8.0_51]
	at sun.security.ssl.SSLSocketImpl.performInitialHandshake(SSLSocketImpl.java:1375) ~[?:1.8.0_51]
	at sun.security.ssl.SSLSocketImpl.startHandshake(SSLSocketImpl.java:1403) ~[?:1.8.0_51]
	at sun.security.ssl.SSLSocketImpl.startHandshake(SSLSocketImpl.java:1387) ~[?:1.8.0_51]
	at org.apache.http.conn.ssl.SSLConnectionSocketFactory.createLayeredSocket(SSLConnectionSocketFactory.java:275) ~[httpclient-4.3.3.jar:4.3.3]
	at org.apache.http.conn.ssl.SSLConnectionSocketFactory.connectSocket(SSLConnectionSocketFactory.java:254) ~[httpclient-4.3.3.jar:4.3.3]
	at org.apache.http.impl.conn.HttpClientConnectionOperator.connect(HttpClientConnectionOperator.java:117) ~[httpclient-4.3.3.jar:4.3.3]
	at org.apache.http.impl.conn.PoolingHttpClientConnectionManager.connect(PoolingHttpClientConnectionManager.java:314) ~[httpclient-4.3.3.jar:4.3.3]
	at org.apache.http.impl.execchain.MainClientExec.establishRoute(MainClientExec.java:363) ~[httpclient-4.3.3.jar:4.3.3]
	at org.apache.http.impl.execchain.MainClientExec.execute(MainClientExec.java:219) ~[httpclient-4.3.3.jar:4.3.3]
	at org.apache.http.impl.execchain.ProtocolExec.execute(ProtocolExec.java:195) ~[httpclient-4.3.3.jar:4.3.3]
	at org.apache.http.impl.execchain.RetryExec.execute(RetryExec.java:86) ~[httpclient-4.3.3.jar:4.3.3]
	at org.apache.http.impl.execchain.RedirectExec.execute(RedirectExec.java:108) ~[httpclient-4.3.3.jar:4.3.3]
	at org.apache.http.impl.client.InternalHttpClient.doExecute(InternalHttpClient.java:186) ~[httpclient-4.3.3.jar:4.3.3]
	at org.apache.http.impl.client.CloseableHttpClient.execute(CloseableHttpClient.java:82) ~[httpclient-4.3.3.jar:4.3.3]
	at org.apache.http.impl.client.CloseableHttpClient.execute(CloseableHttpClient.java:106) ~[httpclient-4.3.3.jar:4.3.3]
	at org.apache.http.impl.client.CloseableHttpClient.execute(CloseableHttpClient.java:57) ~[httpclient-4.3.3.jar:4.3.3]
	at journeymap.common.version.VersionCheck$1.run(VersionCheck.java:131) [VersionCheck$1.class:1.12.2-5.5.3]
	at java.util.concurrent.Executors$RunnableAdapter.call(Executors.java:511) [?:1.8.0_51]
	at java.util.concurrent.FutureTask.run(FutureTask.java:266) [?:1.8.0_51]
	at java.util.concurrent.ThreadPoolExecutor.runWorker(ThreadPoolExecutor.java:1142) [?:1.8.0_51]
	at java.util.concurrent.ThreadPoolExecutor$Worker.run(ThreadPoolExecutor.java:617) [?:1.8.0_51]
	at java.lang.Thread.run(Thread.java:745) [?:1.8.0_51]
Caused by: sun.security.validator.ValidatorException: PKIX path building failed: sun.security.provider.certpath.SunCertPathBuilderException: unable to find valid certification path to requested target
	at sun.security.validator.PKIXValidator.doBuild(PKIXValidator.java:387) ~[?:1.8.0_51]
	at sun.security.validator.PKIXValidator.engineValidate(PKIXValidator.java:292) ~[?:1.8.0_51]
	at sun.security.validator.Validator.validate(Validator.java:260) ~[?:1.8.0_51]
	at sun.security.ssl.X509TrustManagerImpl.validate(X509TrustManagerImpl.java:324) ~[?:1.8.0_51]
	at sun.security.ssl.X509TrustManagerImpl.checkTrusted(X509TrustManagerImpl.java:229) ~[?:1.8.0_51]
	at sun.security.ssl.X509TrustManagerImpl.checkServerTrusted(X509TrustManagerImpl.java:124) ~[?:1.8.0_51]
	at sun.security.ssl.ClientHandshaker.serverCertificate(ClientHandshaker.java:1479) ~[?:1.8.0_51]
	... 26 more
Caused by: sun.security.provider.certpath.SunCertPathBuilderException: unable to find valid certification path to requested target
	at sun.security.provider.certpath.SunCertPathBuilder.build(SunCertPathBuilder.java:145) ~[?:1.8.0_51]
	at sun.security.provider.certpath.SunCertPathBuilder.engineBuild(SunCertPathBuilder.java:131) ~[?:1.8.0_51]
	at java.security.cert.CertPathBuilder.build(CertPathBuilder.java:280) ~[?:1.8.0_51]
	at sun.security.validator.PKIXValidator.doBuild(PKIXValidator.java:382) ~[?:1.8.0_51]
	at sun.security.validator.PKIXValidator.engineValidate(PKIXValidator.java:292) ~[?:1.8.0_51]
	at sun.security.validator.Validator.validate(Validator.java:260) ~[?:1.8.0_51]
	at sun.security.ssl.X509TrustManagerImpl.validate(X509TrustManagerImpl.java:324) ~[?:1.8.0_51]
	at sun.security.ssl.X509TrustManagerImpl.checkTrusted(X509TrustManagerImpl.java:229) ~[?:1.8.0_51]
	at sun.security.ssl.X509TrustManagerImpl.checkServerTrusted(X509TrustManagerImpl.java:124) ~[?:1.8.0_51]
	at sun.security.ssl.ClientHandshaker.serverCertificate(ClientHandshaker.java:1479) ~[?:1.8.0_51]
	... 26 more
[14:29:55] [Server thread/ERROR] [DataCache] ExecutionException in getPlayer: com.google.common.util.concurrent.UncheckedExecutionException: java.lang.NullPointerException
	at com.google.common.cache.LocalCache$Segment.get(LocalCache.java:2217)
	at com.google.common.cache.LocalCache.get(LocalCache.java:4154)
	at com.google.common.cache.LocalCache.getOrLoad(LocalCache.java:4158)
	at com.google.common.cache.LocalCache$LocalLoadingCache.get(LocalCache.java:5147)
	at journeymap.client.data.DataCache.getPlayer(DataCache.java:303)
	at journeymap.client.data.DataCache.getPlayer(DataCache.java:190)
	at journeymap.client.forge.event.WorldEventHandler.onUnload(WorldEventHandler.java:30)
	at net.minecraftforge.fml.common.eventhandler.ASMEventHandler_152_WorldEventHandler_onUnload_Unload.invoke(.dynamic)
	at net.minecraftforge.fml.common.eventhandler.ASMEventHandler.invoke(ASMEventHandler.java:90)
	at net.minecraftforge.fml.common.eventhandler.EventBus.post(EventBus.java:182)
	at net.minecraftforge.common.DimensionManager.unloadWorlds(DimensionManager.java:403)
	at net.minecraft.server.MinecraftServer.func_71190_q(MinecraftServer.java:788)
	at net.minecraft.server.MinecraftServer.func_71217_p(MinecraftServer.java:668)
	at net.minecraft.server.integrated.IntegratedServer.func_71217_p(IntegratedServer.java:185)
	at net.minecraft.server.MinecraftServer.run(MinecraftServer.java:526)
	at java.lang.Thread.run(Thread.java:745)
Caused by: java.lang.NullPointerException
	at com.google.common.base.Preconditions.checkNotNull(Preconditions.java:770)
	at com.google.common.cache.LocalCache.get(LocalCache.java:4153)
	at com.google.common.cache.LocalCache.getOrLoad(LocalCache.java:4158)
	at com.google.common.cache.LocalCache$LocalLoadingCache.get(LocalCache.java:5147)
	at com.google.common.cache.LocalCache$LocalLoadingCache.getUnchecked(LocalCache.java:5153)
	at journeymap.client.data.DataCache.getEntityDTO(DataCache.java:441)
	at journeymap.client.data.PlayerData.load(PlayerData.java:83)
	at journeymap.client.data.PlayerData.load(PlayerData.java:27)
	at com.google.common.cache.LocalCache$LoadingValueReference.loadFuture(LocalCache.java:3716)
	at com.google.common.cache.LocalCache$Segment.loadSync(LocalCache.java:2424)
	at com.google.common.cache.LocalCache$Segment.lockedGetOrLoad(LocalCache.java:2298)
	at com.google.common.cache.LocalCache$Segment.get(LocalCache.java:2211)
	... 15 more

[14:29:55] [Server thread/ERROR] [WorldEventHandler] Error handling WorldEvent.Unload
java.lang.NullPointerException: null
	at journeymap.client.forge.event.WorldEventHandler.onUnload(WorldEventHandler.java:30) [WorldEventHandler.class:1.12.2-5.5.3]
	at net.minecraftforge.fml.common.eventhandler.ASMEventHandler_152_WorldEventHandler_onUnload_Unload.invoke(.dynamic) [?:?]
	at net.minecraftforge.fml.common.eventhandler.ASMEventHandler.invoke(ASMEventHandler.java:90) [ASMEventHandler.class:?]
	at net.minecraftforge.fml.common.eventhandler.EventBus.post(EventBus.java:182) [EventBus.class:?]
	at net.minecraftforge.common.DimensionManager.unloadWorlds(DimensionManager.java:403) [DimensionManager.class:?]
	at net.minecraft.server.MinecraftServer.func_71190_q(MinecraftServer.java:788) [MinecraftServer.class:?]
	at net.minecraft.server.MinecraftServer.func_71217_p(MinecraftServer.java:668) [MinecraftServer.class:?]
	at net.minecraft.server.integrated.IntegratedServer.func_71217_p(IntegratedServer.java:185) [chd.class:?]
	at net.minecraft.server.MinecraftServer.run(MinecraftServer.java:526) [MinecraftServer.class:?]
	at java.lang.Thread.run(Thread.java:745) [?:1.8.0_51]
[14:29:55] [Server thread/ERROR] [DataCache] ExecutionException in getPlayer: com.google.common.util.concurrent.UncheckedExecutionException: java.lang.NullPointerException
	at com.google.common.cache.LocalCache$Segment.get(LocalCache.java:2217)
	at com.google.common.cache.LocalCache.get(LocalCache.java:4154)
	at com.google.common.cache.LocalCache.getOrLoad(LocalCache.java:4158)
	at com.google.common.cache.LocalCache$LocalLoadingCache.get(LocalCache.java:5147)
	at journeymap.client.data.DataCache.getPlayer(DataCache.java:303)
	at journeymap.client.data.DataCache.getPlayer(DataCache.java:190)
	at journeymap.client.forge.event.WorldEventHandler.onUnload(WorldEventHandler.java:30)
	at net.minecraftforge.fml.common.eventhandler.ASMEventHandler_152_WorldEventHandler_onUnload_Unload.invoke(.dynamic)
	at net.minecraftforge.fml.common.eventhandler.ASMEventHandler.invoke(ASMEventHandler.java:90)
	at net.minecraftforge.fml.common.eventhandler.EventBus.post(EventBus.java:182)
	at net.minecraftforge.common.DimensionManager.unloadWorlds(DimensionManager.java:403)
	at net.minecraft.server.MinecraftServer.func_71190_q(MinecraftServer.java:788)
	at net.minecraft.server.MinecraftServer.func_71217_p(MinecraftServer.java:668)
	at net.minecraft.server.integrated.IntegratedServer.func_71217_p(IntegratedServer.java:185)
	at net.minecraft.server.MinecraftServer.run(MinecraftServer.java:526)
	at java.lang.Thread.run(Thread.java:745)
Caused by: java.lang.NullPointerException
	at com.google.common.base.Preconditions.checkNotNull(Preconditions.java:770)
	at com.google.common.cache.LocalCache.get(LocalCache.java:4153)
	at com.google.common.cache.LocalCache.getOrLoad(LocalCache.java:4158)
	at com.google.common.cache.LocalCache$LocalLoadingCache.get(LocalCache.java:5147)
	at com.google.common.cache.LocalCache$LocalLoadingCache.getUnchecked(LocalCache.java:5153)
	at journeymap.client.data.DataCache.getEntityDTO(DataCache.java:441)
	at journeymap.client.data.PlayerData.load(PlayerData.java:83)
	at journeymap.client.data.PlayerData.load(PlayerData.java:27)
	at com.google.common.cache.LocalCache$LoadingValueReference.loadFuture(LocalCache.java:3716)
	at com.google.common.cache.LocalCache$Segment.loadSync(LocalCache.java:2424)
	at com.google.common.cache.LocalCache$Segment.lockedGetOrLoad(LocalCache.java:2298)
	at com.google.common.cache.LocalCache$Segment.get(LocalCache.java:2211)
	... 15 more

[14:29:55] [Server thread/ERROR] [WorldEventHandler] Error handling WorldEvent.Unload
java.lang.NullPointerException: null
	at journeymap.client.forge.event.WorldEventHandler.onUnload(WorldEventHandler.java:30) [WorldEventHandler.class:1.12.2-5.5.3]
	at net.minecraftforge.fml.common.eventhandler.ASMEventHandler_152_WorldEventHandler_onUnload_Unload.invoke(.dynamic) [?:?]
	at net.minecraftforge.fml.common.eventhandler.ASMEventHandler.invoke(ASMEventHandler.java:90) [ASMEventHandler.class:?]
	at net.minecraftforge.fml.common.eventhandler.EventBus.post(EventBus.java:182) [EventBus.class:?]
	at net.minecraftforge.common.DimensionManager.unloadWorlds(DimensionManager.java:403) [DimensionManager.class:?]
	at net.minecraft.server.MinecraftServer.func_71190_q(MinecraftServer.java:788) [MinecraftServer.class:?]
	at net.minecraft.server.MinecraftServer.func_71217_p(MinecraftServer.java:668) [MinecraftServer.class:?]
	at net.minecraft.server.integrated.IntegratedServer.func_71217_p(IntegratedServer.java:185) [chd.class:?]
	at net.minecraft.server.MinecraftServer.run(MinecraftServer.java:526) [MinecraftServer.class:?]
	at java.lang.Thread.run(Thread.java:745) [?:1.8.0_51]
[14:29:56] [Server thread/ERROR] [DataCache] ExecutionException in getPlayer: com.google.common.util.concurrent.UncheckedExecutionException: java.lang.NullPointerException
	at com.google.common.cache.LocalCache$Segment.get(LocalCache.java:2217)
	at com.google.common.cache.LocalCache.get(LocalCache.java:4154)
	at com.google.common.cache.LocalCache.getOrLoad(LocalCache.java:4158)
	at com.google.common.cache.LocalCache$LocalLoadingCache.get(LocalCache.java:5147)
	at journeymap.client.data.DataCache.getPlayer(DataCache.java:303)
	at journeymap.client.data.DataCache.getPlayer(DataCache.java:190)
	at journeymap.client.forge.event.WorldEventHandler.onUnload(WorldEventHandler.java:30)
	at net.minecraftforge.fml.common.eventhandler.ASMEventHandler_152_WorldEventHandler_onUnload_Unload.invoke(.dynamic)
	at net.minecraftforge.fml.common.eventhandler.ASMEventHandler.invoke(ASMEventHandler.java:90)
	at net.minecraftforge.fml.common.eventhandler.EventBus.post(EventBus.java:182)
	at net.minecraftforge.common.DimensionManager.unloadWorlds(DimensionManager.java:403)
	at net.minecraft.server.MinecraftServer.func_71190_q(MinecraftServer.java:788)
	at net.minecraft.server.MinecraftServer.func_71217_p(MinecraftServer.java:668)
	at net.minecraft.server.integrated.IntegratedServer.func_71217_p(IntegratedServer.java:185)
	at net.minecraft.server.MinecraftServer.run(MinecraftServer.java:526)
	at java.lang.Thread.run(Thread.java:745)
Caused by: java.lang.NullPointerException
	at com.google.common.base.Preconditions.checkNotNull(Preconditions.java:770)
	at com.google.common.cache.LocalCache.get(LocalCache.java:4153)
	at com.google.common.cache.LocalCache.getOrLoad(LocalCache.java:4158)
	at com.google.common.cache.LocalCache$LocalLoadingCache.get(LocalCache.java:5147)
	at com.google.common.cache.LocalCache$LocalLoadingCache.getUnchecked(LocalCache.java:5153)
	at journeymap.client.data.DataCache.getEntityDTO(DataCache.java:441)
	at journeymap.client.data.PlayerData.load(PlayerData.java:83)
	at journeymap.client.data.PlayerData.load(PlayerData.java:27)
	at com.google.common.cache.LocalCache$LoadingValueReference.loadFuture(LocalCache.java:3716)
	at com.google.common.cache.LocalCache$Segment.loadSync(LocalCache.java:2424)
	at com.google.common.cache.LocalCache$Segment.lockedGetOrLoad(LocalCache.java:2298)
	at com.google.common.cache.LocalCache$Segment.get(LocalCache.java:2211)
	... 15 more

[14:29:56] [Server thread/ERROR] [WorldEventHandler] Error handling WorldEvent.Unload
java.lang.NullPointerException: null
	at journeymap.client.forge.event.WorldEventHandler.onUnload(WorldEventHandler.java:30) [WorldEventHandler.class:1.12.2-5.5.3]
	at net.minecraftforge.fml.common.eventhandler.ASMEventHandler_152_WorldEventHandler_onUnload_Unload.invoke(.dynamic) [?:?]
	at net.minecraftforge.fml.common.eventhandler.ASMEventHandler.invoke(ASMEventHandler.java:90) [ASMEventHandler.class:?]
	at net.minecraftforge.fml.common.eventhandler.EventBus.post(EventBus.java:182) [EventBus.class:?]
	at net.minecraftforge.common.DimensionManager.unloadWorlds(DimensionManager.java:403) [DimensionManager.class:?]
	at net.minecraft.server.MinecraftServer.func_71190_q(MinecraftServer.java:788) [MinecraftServer.class:?]
	at net.minecraft.server.MinecraftServer.func_71217_p(MinecraftServer.java:668) [MinecraftServer.class:?]
	at net.minecraft.server.integrated.IntegratedServer.func_71217_p(IntegratedServer.java:185) [chd.class:?]
	at net.minecraft.server.MinecraftServer.run(MinecraftServer.java:526) [MinecraftServer.class:?]
	at java.lang.Thread.run(Thread.java:745) [?:1.8.0_51]
[14:30:04] [main/INFO] [ChatLog] JourneyMap: Press [J]
[14:30:05] [main/INFO] [TopoRenderer] Loading journeymap.topo.config
[14:30:05] [main/INFO] [WaypointStore] Loaded 1 waypoints from C:\Users\jared\AppData\Roaming\.minecraft\journeymap\data\sp\New World~\waypoints
[14:30:05] [main/INFO] [JourneymapClient] Mapping started in C:\Users\jared\AppData\Roaming\.minecraft\journeymap\data\sp\New World~\DIM-29. Memory: 2048MB total, 552MB free 
[14:33:27] [main/INFO] [JourneymapClient] Mapping halted in C:\Users\jared\AppData\Roaming\.minecraft\journeymap\data\sp\New World~\DIM-29
[14:33:29] [main/INFO] [TopoRenderer] Loading journeymap.topo.config
[14:33:30] [main/INFO] [WaypointStore] Loaded 1 waypoints from C:\Users\jared\AppData\Roaming\.minecraft\journeymap\data\sp\New World~\waypoints
[14:33:30] [main/INFO] [JourneymapClient] Mapping started in C:\Users\jared\AppData\Roaming\.minecraft\journeymap\data\sp\New World~\DIM0. Memory: 2048MB total, 105MB free 
[14:44:09] [main/INFO] [JourneymapClient] Mapping halted in C:\Users\jared\AppData\Roaming\.minecraft\journeymap\data\sp\New World~\DIM0
[14:44:29] [main/INFO] [TopoRenderer] Loading journeymap.topo.config
[14:44:30] [main/INFO] [WaypointStore] Loaded 0 waypoints from C:\Users\jared\AppData\Roaming\.minecraft\journeymap\data\mp\play~noobcraft~net\waypoints
[14:44:30] [main/INFO] [JourneymapClient] Mapping started in C:\Users\jared\AppData\Roaming\.minecraft\journeymap\data\mp\play~noobcraft~net\DIM0. Memory: 2048MB total, 450MB free 
[14:44:37] [main/INFO] [JourneymapClient] Mapping halted in C:\Users\jared\AppData\Roaming\.minecraft\journeymap\data\mp\play~noobcraft~net\DIM0
[14:44:42] [main/INFO] [TopoRenderer] Loading journeymap.topo.config
[14:44:43] [main/INFO] [WaypointStore] Loaded 0 waypoints from C:\Users\jared\AppData\Roaming\.minecraft\journeymap\data\mp\play~noobcraft~net\waypoints
[14:44:43] [main/INFO] [JourneymapClient] Mapping started in C:\Users\jared\AppData\Roaming\.minecraft\journeymap\data\mp\play~noobcraft~net\DIM0. Memory: 2048MB total, 742MB free 
[14:56:49] [main/INFO] [JourneymapClient] Mapping halted in C:\Users\jared\AppData\Roaming\.minecraft\journeymap\data\mp\play~noobcraft~net\DIM0
[14:56:52] [main/INFO] [TopoRenderer] Loading journeymap.topo.config
[14:56:52] [main/INFO] [WaypointStore] Loaded 0 waypoints from C:\Users\jared\AppData\Roaming\.minecraft\journeymap\data\mp\play~noobcraft~net\waypoints
[14:56:52] [main/INFO] [JourneymapClient] Mapping started in C:\Users\jared\AppData\Roaming\.minecraft\journeymap\data\mp\play~noobcraft~net\DIM0. Memory: 2048MB total, 723MB free 
[14:56:55] [main/INFO] [JourneymapClient] Mapping halted in C:\Users\jared\AppData\Roaming\.minecraft\journeymap\data\mp\play~noobcraft~net\DIM0
[14:57:00] [main/INFO] [TopoRenderer] Loading journeymap.topo.config
[14:57:01] [main/INFO] [WaypointStore] Loaded 0 waypoints from C:\Users\jared\AppData\Roaming\.minecraft\journeymap\data\mp\play~noobcraft~net\waypoints
[14:57:01] [main/INFO] [JourneymapClient] Mapping started in C:\Users\jared\AppData\Roaming\.minecraft\journeymap\data\mp\play~noobcraft~net\DIM0. Memory: 2048MB total, 603MB free 
[14:58:16] [main/INFO] [JourneymapClient] Mapping halted in C:\Users\jared\AppData\Roaming\.minecraft\journeymap\data\mp\play~noobcraft~net\DIM0
[14:58:20] [main/INFO] [TopoRenderer] Loading journeymap.topo.config
[14:58:20] [main/INFO] [WaypointStore] Loaded 0 waypoints from C:\Users\jared\AppData\Roaming\.minecraft\journeymap\data\mp\play~noobcraft~net\waypoints
[14:58:20] [main/INFO] [JourneymapClient] Mapping started in C:\Users\jared\AppData\Roaming\.minecraft\journeymap\data\mp\play~noobcraft~net\DIM0. Memory: 2048MB total, 711MB free 
[15:01:51] [main/INFO] [JourneymapClient] Mapping halted in C:\Users\jared\AppData\Roaming\.minecraft\journeymap\data\mp\play~noobcraft~net\DIM0
[15:01:54] [main/INFO] [TopoRenderer] Loading journeymap.topo.config
[15:01:54] [main/INFO] [WaypointStore] Loaded 0 waypoints from C:\Users\jared\AppData\Roaming\.minecraft\journeymap\data\mp\play~noobcraft~net\waypoints
[15:01:54] [main/INFO] [JourneymapClient] Mapping started in C:\Users\jared\AppData\Roaming\.minecraft\journeymap\data\mp\play~noobcraft~net\DIM0. Memory: 2048MB total, 758MB free 
[15:01:57] [main/INFO] [JourneymapClient] Mapping halted in C:\Users\jared\AppData\Roaming\.minecraft\journeymap\data\mp\play~noobcraft~net\DIM0
[15:02:02] [main/INFO] [TopoRenderer] Loading journeymap.topo.config
[15:02:02] [main/INFO] [WaypointStore] Loaded 0 waypoints from C:\Users\jared\AppData\Roaming\.minecraft\journeymap\data\mp\play~noobcraft~net\waypoints
[15:02:02] [main/INFO] [JourneymapClient] Mapping started in C:\Users\jared\AppData\Roaming\.minecraft\journeymap\data\mp\play~noobcraft~net\DIM0. Memory: 2048MB total, 750MB free 
[15:02:15] [main/INFO] [JourneymapClient] Mapping halted in C:\Users\jared\AppData\Roaming\.minecraft\journeymap\data\mp\play~noobcraft~net\DIM0
[15:02:18] [main/INFO] [TopoRenderer] Loading journeymap.topo.config
[15:02:18] [main/INFO] [WaypointStore] Loaded 0 waypoints from C:\Users\jared\AppData\Roaming\.minecraft\journeymap\data\mp\play~noobcraft~net\waypoints
[15:02:18] [main/INFO] [JourneymapClient] Mapping started in C:\Users\jared\AppData\Roaming\.minecraft\journeymap\data\mp\play~noobcraft~net\DIM0. Memory: 2048MB total, 508MB free 
[15:03:35] [main/INFO] [JourneymapClient] Mapping halted in C:\Users\jared\AppData\Roaming\.minecraft\journeymap\data\mp\play~noobcraft~net\DIM0
[15:03:40] [main/INFO] [TopoRenderer] Loading journeymap.topo.config
[15:03:40] [main/INFO] [WaypointStore] Loaded 0 waypoints from C:\Users\jared\AppData\Roaming\.minecraft\journeymap\data\mp\play~noobcraft~net\waypoints
[15:03:40] [main/INFO] [JourneymapClient] Mapping started in C:\Users\jared\AppData\Roaming\.minecraft\journeymap\data\mp\play~noobcraft~net\DIM0. Memory: 2048MB total, 731MB free 
[15:03:44] [main/INFO] [JourneymapClient] Mapping halted in C:\Users\jared\AppData\Roaming\.minecraft\journeymap\data\mp\play~noobcraft~net\DIM0
[15:03:44] [JM-task-14/WARN] [TaskBatch] TaskBatch thread interrupted: journeymap.client.task.multi.MapPlayerTask$MapPlayerTaskBatch@3ca6295
[15:03:46] [main/INFO] [TopoRenderer] Loading journeymap.topo.config
[15:03:46] [main/INFO] [WaypointStore] Loaded 0 waypoints from C:\Users\jared\AppData\Roaming\.minecraft\journeymap\data\mp\play~noobcraft~net\waypoints
[15:03:46] [main/INFO] [JourneymapClient] Mapping started in C:\Users\jared\AppData\Roaming\.minecraft\journeymap\data\mp\play~noobcraft~net\DIM0. Memory: 2048MB total, 736MB free 
[15:12:06] [main/INFO] [JourneymapClient] Mapping halted in C:\Users\jared\AppData\Roaming\.minecraft\journeymap\data\mp\play~noobcraft~net\DIM0
